<?xml version="1.0" encoding="UTF-8"?>
<!-- Generated by org.testng.reporters.JUnitReportReporter -->
<testsuite hostname="DESKTOP-9JRQOCS" failures="0" tests="1" name="runner.campaginRunner" time="0.391" errors="0" timestamp="2024-08-22T08:31:46 IST" skipped="0">
  <testcase classname="runner.campaginRunner" name="runScenario" time="0.391"/>
  <system-out/>
</testsuite> <!-- runner.campaginRunner -->
