<?xml version="1.0" encoding="UTF-8"?>
<!-- Generated by org.testng.reporters.JUnitReportReporter -->
<testsuite hostname="DESKTOP-9JRQOCS" failures="0" tests="3" name="runner.profileRunner" time="0.494" errors="0" timestamp="2024-08-21T21:10:27 IST" skipped="0">
  <testcase classname="runner.profileRunner" name="runScenario" time="0.337"/>
  <system-out/>
  <testcase classname="runner.profileRunner" name="runScenario" time="0.071"/>
  <system-out/>
  <testcase classname="runner.profileRunner" name="runScenario" time="0.086"/>
  <system-out/>
</testsuite> <!-- runner.profileRunner -->
