<?xml version="1.0" encoding="UTF-8"?>
<!-- Generated by org.testng.reporters.JUnitReportReporter -->
<testsuite hostname="DESKTOP-9JRQOCS" failures="0" tests="3" name="runner.ScenarioOutlineRunner" time="0.431" errors="0" timestamp="2024-08-16T22:33:32 IST" skipped="0">
  <testcase classname="runner.ScenarioOutlineRunner" name="runScenario" time="0.068"/>
  <system-out/>
  <testcase classname="runner.ScenarioOutlineRunner" name="runScenario" time="0.325"/>
  <system-out/>
  <testcase classname="runner.ScenarioOutlineRunner" name="runScenario" time="0.038"/>
  <system-out/>
</testsuite> <!-- runner.ScenarioOutlineRunner -->
