<?xml version="1.0" encoding="UTF-8"?>
<!-- Generated by org.testng.reporters.JUnitReportReporter -->
<testsuite hostname="DESKTOP-9JRQOCS" failures="0" tests="1" name="runner.RegistrationRunner" time="0.428" errors="0" timestamp="2024-08-21T08:11:00 IST" skipped="0">
  <testcase classname="runner.RegistrationRunner" name="runScenario" time="0.428"/>
  <system-out/>
</testsuite> <!-- runner.RegistrationRunner -->
