<?xml version="1.0" encoding="UTF-8"?>
<!-- Generated by org.testng.reporters.JUnitReportReporter -->
<testsuite hostname="DESKTOP-9JRQOCS" failures="0" tests="1" name="runner.loginrunner" time="0.357" errors="0" timestamp="2024-08-12T21:28:54 IST" skipped="0">
  <testcase classname="runner.loginrunner" name="runScenario" time="0.357"/>
  <system-out/>
</testsuite> <!-- runner.loginrunner -->
